<?xml version="1.0" encoding="UTF-8"?>
<testsuite name="hello.proxy.postprocessor.BeanPostProcessorTest" tests="1" skipped="0" failures="0" errors="0" timestamp="2021-11-17T13:29:25" hostname="junuiui-MacBookPro.local" time="0.305">
  <properties/>
  <testcase name="postProcessor()" classname="hello.proxy.postprocessor.BeanPostProcessorTest" time="0.305"/>
  <system-out><![CDATA[22:29:25.472 [Test worker] DEBUG org.springframework.context.annotation.AnnotationConfigApplicationContext - Refreshing org.springframework.context.annotation.AnnotationConfigApplicationContext@176b3f44
22:29:25.486 [Test worker] DEBUG org.springframework.beans.factory.support.DefaultListableBeanFactory - Creating shared instance of singleton bean 'org.springframework.context.annotation.internalConfigurationAnnotationProcessor'
22:29:25.583 [Test worker] DEBUG org.springframework.beans.factory.support.DefaultListableBeanFactory - Creating shared instance of singleton bean 'org.springframework.context.event.internalEventListenerProcessor'
22:29:25.585 [Test worker] DEBUG org.springframework.beans.factory.support.DefaultListableBeanFactory - Creating shared instance of singleton bean 'org.springframework.context.event.internalEventListenerFactory'
22:29:25.586 [Test worker] DEBUG org.springframework.beans.factory.support.DefaultListableBeanFactory - Creating shared instance of singleton bean 'org.springframework.context.annotation.internalAutowiredAnnotationProcessor'
22:29:25.587 [Test worker] DEBUG org.springframework.beans.factory.support.DefaultListableBeanFactory - Creating shared instance of singleton bean 'org.springframework.context.annotation.internalCommonAnnotationProcessor'
22:29:25.592 [Test worker] DEBUG org.springframework.beans.factory.support.DefaultListableBeanFactory - Creating shared instance of singleton bean 'helloPostProcessor'
22:29:25.594 [Test worker] DEBUG org.springframework.beans.factory.support.DefaultListableBeanFactory - Creating shared instance of singleton bean 'beanPostProcessorTest.BeanPostProcessorConfig'
22:29:25.597 [Test worker] INFO org.springframework.context.support.PostProcessorRegistrationDelegate$BeanPostProcessorChecker - Bean 'beanPostProcessorTest.BeanPostProcessorConfig' of type [hello.proxy.postprocessor.BeanPostProcessorTest$BeanPostProcessorConfig$$EnhancerBySpringCGLIB$$3e14617f] is not eligible for getting processed by all BeanPostProcessors (for example: not eligible for auto-proxying)
22:29:25.610 [Test worker] DEBUG org.springframework.beans.factory.support.DefaultListableBeanFactory - Creating shared instance of singleton bean 'beanA'
22:29:25.611 [Test worker] INFO hello.proxy.postprocessor.BeanPostProcessorTest$AToBPostProcessor - beanName=beanA bean=hello.proxy.postprocessor.BeanPostProcessorTest$A@5a62b2a4
22:29:25.629 [Test worker] INFO hello.proxy.postprocessor.BeanPostProcessorTest$B - hello B
]]></system-out>
  <system-err><![CDATA[]]></system-err>
</testsuite>
